<?xml version="1.0" encoding="UTF-8"?>
<testsuite name="DeuceGameStateTest" tests="9" skipped="0" failures="0" errors="0" timestamp="2021-02-14T18:53:15" hostname="macbook-de-Daniel.local" time="0.017">
  <properties/>
  <testcase name="[1] 3, 3" classname="DeuceGameStateTest" time="0.001"/>
  <testcase name="[2] 4, 4" classname="DeuceGameStateTest" time="0.0"/>
  <testcase name="[3] 5, 5" classname="DeuceGameStateTest" time="0.0"/>
  <testcase name="[1] 3, 3" classname="DeuceGameStateTest" time="0.001"/>
  <testcase name="[2] 4, 4" classname="DeuceGameStateTest" time="0.001"/>
  <testcase name="[3] 5, 5" classname="DeuceGameStateTest" time="0.001"/>
  <testcase name="[1] 3, 3" classname="DeuceGameStateTest" time="0.001"/>
  <testcase name="[2] 4, 4" classname="DeuceGameStateTest" time="0.0"/>
  <testcase name="[3] 5, 5" classname="DeuceGameStateTest" time="0.001"/>
  <system-out><![CDATA[]]></system-out>
  <system-err><![CDATA[]]></system-err>
</testsuite>
