<?xml version="1.0" encoding="UTF-8"?>
<testsuite name="WinnerGameStateTest" tests="4" skipped="0" failures="0" errors="0" timestamp="2021-02-14T18:53:15" hostname="macbook-de-Daniel.local" time="0.006">
  <properties/>
  <testcase name="shouldThrowExceptionIfServerTriesToScore()" classname="WinnerGameStateTest" time="0.003"/>
  <testcase name="shouldShowReceiverWon()" classname="WinnerGameStateTest" time="0.001"/>
  <testcase name="shouldThrowExceptionIfReceiverTriesToScore()" classname="WinnerGameStateTest" time="0.001"/>
  <testcase name="shouldShowServerWon()" classname="WinnerGameStateTest" time="0.0"/>
  <system-out><![CDATA[]]></system-out>
  <system-err><![CDATA[]]></system-err>
</testsuite>
