<?xml version="1.0" encoding="UTF-8"?>
<testsuite name="TennisGameTest" tests="4" skipped="0" failures="0" errors="0" timestamp="2021-02-14T18:53:15" hostname="macbook-de-Daniel.local" time="0.003">
  <properties/>
  <testcase name="serverWinsEffortlessly()" classname="TennisGameTest" time="0.0"/>
  <testcase name="shouldGetDeuce()" classname="TennisGameTest" time="0.0"/>
  <testcase name="shouldGetAdvantage()" classname="TennisGameTest" time="0.0"/>
  <testcase name="receiverWinsEffortlessly()" classname="TennisGameTest" time="0.001"/>
  <system-out><![CDATA[]]></system-out>
  <system-err><![CDATA[]]></system-err>
</testsuite>
